<?xml version="1.0" encoding="UTF-8"?>
<!-- Generated by org.testng.reporters.JUnitXMLReporter -->
<testsuite hostname="Kalp35h-PC" name="Test1" tests="1" failures="1" timestamp="20 Aug 2016 10:36:35 GMT" time="15.7" errors="0">
  <testcase name="museHover" time="0.008" classname="com.testng.automation.TestXPathFindings">
    <failure type="java.lang.ClassCastException" message="org.openqa.selenium.By$ByXPath cannot be cast to org.openqa.selenium.WebElement">
      <![CDATA[java.lang.ClassCastException: org.openqa.selenium.By$ByXPath cannot be cast to org.openqa.selenium.WebElement
	at com.testng.automation.TestXPathFindings.museHover(TestXPathFindings.java:76)
... Removed 24 stack frames]]>
    </failure>
  </testcase> <!-- museHover -->
</testsuite> <!-- Test1 -->
