<?xml version="1.0" encoding="UTF-8"?>
<!-- Generated by org.testng.reporters.JUnitXMLReporter -->
<testsuite hostname="Kalp35h-PC" name="Test" tests="1" failures="1" timestamp="7 Oct 2016 05:11:08 GMT" time="1.654" errors="0">
  <testcase name="verify_PDF_Content" time="1.622" classname="com.guru99.Testcases.TC_004_PDF_Verify">
    <failure type="java.lang.NoSuchMethodError" message="org.apache.fontbox.afm.AFMParser.parse(Z)Lorg/apache/fontbox/afm/FontMetrics;">
      <![CDATA[java.lang.NoSuchMethodError: org.apache.fontbox.afm.AFMParser.parse(Z)Lorg/apache/fontbox/afm/FontMetrics;
	at org.apache.pdfbox.pdmodel.font.Standard14Fonts.addAFM(Standard14Fonts.java:118)
	at org.apache.pdfbox.pdmodel.font.Standard14Fonts.addAFM(Standard14Fonts.java:97)
	at org.apache.pdfbox.pdmodel.font.Standard14Fonts.<clinit>(Standard14Fonts.java:50)
	at org.apache.pdfbox.pdmodel.font.PDFont.<init>(PDFont.java:112)
	at org.apache.pdfbox.pdmodel.font.PDType0Font.<init>(PDType0Font.java:119)
	at org.apache.pdfbox.pdmodel.font.PDFontFactory.createFont(PDFontFactory.java:83)
	at org.apache.pdfbox.pdmodel.PDResources.getFont(PDResources.java:143)
	at org.apache.pdfbox.contentstream.operator.text.SetFontAndSize.process(SetFontAndSize.java:60)
	at org.apache.pdfbox.contentstream.PDFStreamEngine.processOperator(PDFStreamEngine.java:815)
	at org.apache.pdfbox.contentstream.PDFStreamEngine.processStreamOperators(PDFStreamEngine.java:472)
	at org.apache.pdfbox.contentstream.PDFStreamEngine.processStream(PDFStreamEngine.java:446)
	at org.apache.pdfbox.contentstream.PDFStreamEngine.processPage(PDFStreamEngine.java:149)
	at org.apache.pdfbox.text.LegacyPDFStreamEngine.processPage(LegacyPDFStreamEngine.java:139)
	at org.apache.pdfbox.text.PDFTextStripper.processPage(PDFTextStripper.java:391)
	at org.apache.pdfbox.text.PDFTextStripper.processPages(PDFTextStripper.java:319)
	at org.apache.pdfbox.text.PDFTextStripper.writeText(PDFTextStripper.java:266)
	at org.apache.pdfbox.text.PDFTextStripper.getText(PDFTextStripper.java:227)
	at com.guru99.Testcases.TC_004_PDF_Verify.verify_PDF_Content(TC_004_PDF_Verify.java:37)
... Removed 24 stack frames]]>
    </failure>
  </testcase> <!-- verify_PDF_Content -->
</testsuite> <!-- Test -->
