<?xml version="1.0" encoding="UTF-8"?>
<testng-results skipped="0" failed="0" total="1" passed="1">
  <reporter-output>
  </reporter-output>
  <suite name="Default suite" duration-ms="56806" started-at="2016-10-07T06:08:29Z" finished-at="2016-10-07T06:09:26Z">
    <groups>
    </groups>
    <test name="Default test" duration-ms="56806" started-at="2016-10-07T06:08:29Z" finished-at="2016-10-07T06:09:26Z">
      <class name="com.guru99.Testcases.TC_002_verifyPDF_File">
        <test-method status="PASS" signature="testVerifyPDFInURL()[pri:0, instance:com.guru99.Testcases.TC_002_verifyPDF_File@153f17c]" name="testVerifyPDFInURL" duration-ms="56786" started-at="2016-10-07T11:38:29Z" finished-at="2016-10-07T11:39:26Z">
          <reporter-output>
          </reporter-output>
        </test-method> <!-- testVerifyPDFInURL -->
      </class> <!-- com.guru99.Testcases.TC_002_verifyPDF_File -->
    </test> <!-- Default test -->
  </suite> <!-- Default suite -->
</testng-results>
