<?xml version="1.0" encoding="UTF-8"?>
<testng-results skipped="0" failed="0" total="1" passed="1">
  <reporter-output>
  </reporter-output>
  <suite name="Default suite" duration-ms="11166" started-at="2016-10-12T16:25:31Z" finished-at="2016-10-12T16:25:42Z">
    <groups>
    </groups>
    <test name="Default test" duration-ms="11166" started-at="2016-10-12T16:25:31Z" finished-at="2016-10-12T16:25:42Z">
      <class name="com.testng.automation.Robot">
        <test-method status="PASS" signature="OpenNewTab()[pri:0, instance:com.testng.automation.Robot@18ad742]" name="OpenNewTab" duration-ms="11150" started-at="2016-10-12T21:55:31Z" finished-at="2016-10-12T21:55:42Z">
          <reporter-output>
          </reporter-output>
        </test-method> <!-- OpenNewTab -->
      </class> <!-- com.testng.automation.Robot -->
    </test> <!-- Default test -->
  </suite> <!-- Default suite -->
</testng-results>
